[debug] [2023-08-23T14:54:46.777Z] ----------------------------------------------------------------------
[debug] [2023-08-23T14:54:46.778Z] Command:       /Users/gagan_gayari/.nvm/versions/node/v18.16.0/bin/node /Users/gagan_gayari/.nvm/versions/node/v18.16.0/bin/firebase deploy
[debug] [2023-08-23T14:54:46.778Z] CLI Version:   12.4.2
[debug] [2023-08-23T14:54:46.778Z] Platform:      darwin
[debug] [2023-08-23T14:54:46.778Z] Node Version:  v18.16.0
[debug] [2023-08-23T14:54:46.781Z] Time:          Wed Aug 23 2023 20:24:46 GMT+0530 (India Standard Time)
[debug] [2023-08-23T14:54:46.781Z] ----------------------------------------------------------------------
[debug] 
[debug] [2023-08-23T14:54:46.782Z] >>> [apiv2][query] GET https://firebase-public.firebaseio.com/cli.json [none]
[debug] [2023-08-23T14:54:46.832Z] > command requires scopes: ["email","openid","https://www.googleapis.com/auth/cloudplatformprojects.readonly","https://www.googleapis.com/auth/firebase","https://www.googleapis.com/auth/cloud-platform"]
[debug] [2023-08-23T14:54:46.832Z] > authorizing via signed-in user (gagangayari@gmail.com)
[debug] [2023-08-23T14:54:46.832Z] [iam] checking project plant-ecomm for permissions ["firebase.projects.get","firebasehosting.sites.update"]
[debug] [2023-08-23T14:54:46.832Z] > refreshing access token with scopes: []
[debug] [2023-08-23T14:54:46.833Z] >>> [apiv2][query] POST https://www.googleapis.com/oauth2/v3/token [none]
[debug] [2023-08-23T14:54:46.833Z] >>> [apiv2][body] POST https://www.googleapis.com/oauth2/v3/token [omitted]
[debug] [2023-08-23T14:54:47.635Z] <<< [apiv2][status] POST https://www.googleapis.com/oauth2/v3/token 200
[debug] [2023-08-23T14:54:47.636Z] <<< [apiv2][body] POST https://www.googleapis.com/oauth2/v3/token [omitted]
[debug] [2023-08-23T14:54:47.678Z] >>> [apiv2][query] POST https://cloudresourcemanager.googleapis.com/v1/projects/plant-ecomm:testIamPermissions [none]
[debug] [2023-08-23T14:54:47.678Z] >>> [apiv2][(partial)header] POST https://cloudresourcemanager.googleapis.com/v1/projects/plant-ecomm:testIamPermissions x-goog-quota-user=projects/plant-ecomm
[debug] [2023-08-23T14:54:47.678Z] >>> [apiv2][body] POST https://cloudresourcemanager.googleapis.com/v1/projects/plant-ecomm:testIamPermissions {"permissions":["firebase.projects.get","firebasehosting.sites.update"]}
[debug] [2023-08-23T14:54:48.031Z] <<< [apiv2][status] GET https://firebase-public.firebaseio.com/cli.json 200
[debug] [2023-08-23T14:54:48.031Z] <<< [apiv2][body] GET https://firebase-public.firebaseio.com/cli.json {"cloudBuildErrorAfter":1594252800000,"cloudBuildWarnAfter":1590019200000,"defaultNode10After":1594252800000,"minVersion":"3.0.5","node8DeploysDisabledAfter":1613390400000,"node8RuntimeDisabledAfter":1615809600000,"node8WarnAfter":1600128000000}
[debug] [2023-08-23T14:54:49.880Z] <<< [apiv2][status] POST https://cloudresourcemanager.googleapis.com/v1/projects/plant-ecomm:testIamPermissions 200
[debug] [2023-08-23T14:54:49.880Z] <<< [apiv2][body] POST https://cloudresourcemanager.googleapis.com/v1/projects/plant-ecomm:testIamPermissions {"permissions":["firebase.projects.get","firebasehosting.sites.update"]}
[debug] [2023-08-23T14:54:49.882Z] >>> [apiv2][query] GET https://firebase.googleapis.com/v1beta1/projects/plant-ecomm [none]
[debug] [2023-08-23T14:54:50.800Z] <<< [apiv2][status] GET https://firebase.googleapis.com/v1beta1/projects/plant-ecomm 200
[debug] [2023-08-23T14:54:50.800Z] <<< [apiv2][body] GET https://firebase.googleapis.com/v1beta1/projects/plant-ecomm {"projectId":"plant-ecomm","projectNumber":"790180998575","displayName":"plant-ecomm","name":"projects/plant-ecomm","resources":{"hostingSite":"plant-ecomm"},"state":"ACTIVE","etag":"1_873dc53d-2aec-4702-9076-371eb087a15f"}
[info] 
[info] === Deploying to 'plant-ecomm'...
[info] 
[info] i  deploying hosting 
[debug] [2023-08-23T14:54:50.809Z] >>> [apiv2][query] POST https://firebasehosting.googleapis.com/v1beta1/projects/-/sites/plant-ecomm/versions [none]
[debug] [2023-08-23T14:54:50.809Z] >>> [apiv2][body] POST https://firebasehosting.googleapis.com/v1beta1/projects/-/sites/plant-ecomm/versions {"status":"CREATED","labels":{"deployment-tool":"cli-firebase"}}
[debug] [2023-08-23T14:54:52.743Z] <<< [apiv2][status] POST https://firebasehosting.googleapis.com/v1beta1/projects/-/sites/plant-ecomm/versions 200
[debug] [2023-08-23T14:54:52.744Z] <<< [apiv2][body] POST https://firebasehosting.googleapis.com/v1beta1/projects/-/sites/plant-ecomm/versions {"name":"projects/790180998575/sites/plant-ecomm/versions/793e0f06c9eb1e1e","status":"CREATED","config":{},"labels":{"deployment-tool":"cli-firebase"}}
[info] i  hosting[plant-ecomm]: beginning deploy... 
[info] i  hosting[plant-ecomm]: found 16 files in dist/e-comm 
[debug] [2023-08-23T14:54:52.757Z] [hosting] uploading with 200 concurrency
[debug] [2023-08-23T14:54:52.759Z] [hosting] hash cache [ZGlzdC9lLWNvbW0] not populated
[debug] [2023-08-23T14:54:52.967Z] [hosting] hash cache [ZGlzdC9lLWNvbW0] stored for 16 files
[debug] [2023-08-23T14:54:52.967Z] [hosting][hash queue][FINAL] {"max":202,"min":7,"avg":57.5625,"active":0,"complete":16,"success":16,"errored":0,"retried":0,"total":16,"elapsed":206}
[debug] [2023-08-23T14:54:52.967Z] >>> [apiv2][query] POST https://firebasehosting.googleapis.com/v1beta1/projects/790180998575/sites/plant-ecomm/versions/793e0f06c9eb1e1e:populateFiles [none]
[debug] [2023-08-23T14:54:52.968Z] >>> [apiv2][body] POST https://firebasehosting.googleapis.com/v1beta1/projects/790180998575/sites/plant-ecomm/versions/793e0f06c9eb1e1e:populateFiles {"files":{"/styles.ef46db3751d8e999.css":"f1b651238a58fe290baec6c5e32f3bdb1943dd2bd582f02569231f7a757c7837","/index.html":"4132e9d00e19e51d68c798a3043273bd2dc734aa028580a5ede1ccd15e8d963a","/favicon.ico":"a2aee5309d0b59b9b66384ccc3969a07fab1b320d0bf76f1b25047a051d7f774","/runtime.d740ca0c043db685.js":"fc025cec7c64400af8116c6f1e070f4378c1eff05c35bd5918e930235c0969cd","/3rdpartylicenses.txt":"60765af16c10515aeb68e18694277f2a2613f76efcfb87335aaccbcd052312db","/polyfills.cd5a80f0743cbd3a.js":"3481c1df3a4acacf0a5e00d53d18dd916a6257bf28e64dd32d1f9659b8508fd7","/main.312a0d62fa2cbe4c.js":"e89bc997fa907c4bba367a7c1a89514d595963c62fd5bc9fd6711537985976da","/assets/4.jpeg":"ddd966b770bbc46e4e712d9c83fff35224655da2a78fbf0040e0c14dd2299a46","/assets/brush.jpeg":"2cf1e858d7b5d48ea58d3ce9c5d492244d153a540bf3958bd238167c23c31bf0","/assets/margot-richard-NJJ7paSBO-c-unsplash.jpg":"21add36a293ce66e109e90cc55fbec3fe7b91ebdc337d6d7c92d447ada898601","/assets/6.jpeg":"6e8780fc6729946f864645731505b174be565c6cfc9abe6c058dab9077447dfd","/assets/1.jpeg":"76ef7ca4c04d391b5e2947f15fc47a8f104e6c3460a7a6b3e5b1ef84c0ccde62","/assets/5.jpeg":"727b738f7f62b131693a64a22c86011121fb766f06c62695596afe5e789a0dfd","/assets/plant.jpeg":"062fb6b0c4a355121d8a744a2a73d26984b9ee5685ac9539ba9a79f0c48fe487","/assets/3.jpeg":"3fce7e9a491bdd40033cda5af0f2acbb96cdb8603196b1773aec72c0a2f4878b","/assets/2.jpeg":"913b43ad9d410f6d94fdd7bd3f478fa1fa552fdbc35250bac6cb9bbeff8aa392"}}
[debug] [2023-08-23T14:54:54.229Z] <<< [apiv2][status] POST https://firebasehosting.googleapis.com/v1beta1/projects/790180998575/sites/plant-ecomm/versions/793e0f06c9eb1e1e:populateFiles 200
[debug] [2023-08-23T14:54:54.230Z] <<< [apiv2][body] POST https://firebasehosting.googleapis.com/v1beta1/projects/790180998575/sites/plant-ecomm/versions/793e0f06c9eb1e1e:populateFiles {"uploadRequiredHashes":["913b43ad9d410f6d94fdd7bd3f478fa1fa552fdbc35250bac6cb9bbeff8aa392","21add36a293ce66e109e90cc55fbec3fe7b91ebdc337d6d7c92d447ada898601","fc025cec7c64400af8116c6f1e070f4378c1eff05c35bd5918e930235c0969cd","e89bc997fa907c4bba367a7c1a89514d595963c62fd5bc9fd6711537985976da","f1b651238a58fe290baec6c5e32f3bdb1943dd2bd582f02569231f7a757c7837","60765af16c10515aeb68e18694277f2a2613f76efcfb87335aaccbcd052312db","ddd966b770bbc46e4e712d9c83fff35224655da2a78fbf0040e0c14dd2299a46","3481c1df3a4acacf0a5e00d53d18dd916a6257bf28e64dd32d1f9659b8508fd7","a2aee5309d0b59b9b66384ccc3969a07fab1b320d0bf76f1b25047a051d7f774","727b738f7f62b131693a64a22c86011121fb766f06c62695596afe5e789a0dfd","76ef7ca4c04d391b5e2947f15fc47a8f104e6c3460a7a6b3e5b1ef84c0ccde62","6e8780fc6729946f864645731505b174be565c6cfc9abe6c058dab9077447dfd","4132e9d00e19e51d68c798a3043273bd2dc734aa028580a5ede1ccd15e8d963a","062fb6b0c4a355121d8a744a2a73d26984b9ee5685ac9539ba9a79f0c48fe487","3fce7e9a491bdd40033cda5af0f2acbb96cdb8603196b1773aec72c0a2f4878b","2cf1e858d7b5d48ea58d3ce9c5d492244d153a540bf3958bd238167c23c31bf0"],"uploadUrl":"https://upload-firebasehosting.googleapis.com/upload/sites/plant-ecomm/versions/793e0f06c9eb1e1e/files"}
[debug] [2023-08-23T14:54:54.235Z] >>> [apiv2][query] POST https://upload-firebasehosting.googleapis.com/upload/sites/plant-ecomm/versions/793e0f06c9eb1e1e/files/913b43ad9d410f6d94fdd7bd3f478fa1fa552fdbc35250bac6cb9bbeff8aa392 [none]
[debug] [2023-08-23T14:54:54.235Z] >>> [apiv2][body] POST https://upload-firebasehosting.googleapis.com/upload/sites/plant-ecomm/versions/793e0f06c9eb1e1e/files/913b43ad9d410f6d94fdd7bd3f478fa1fa552fdbc35250bac6cb9bbeff8aa392 [stream]
[debug] [2023-08-23T14:54:54.237Z] >>> [apiv2][query] POST https://upload-firebasehosting.googleapis.com/upload/sites/plant-ecomm/versions/793e0f06c9eb1e1e/files/21add36a293ce66e109e90cc55fbec3fe7b91ebdc337d6d7c92d447ada898601 [none]
[debug] [2023-08-23T14:54:54.237Z] >>> [apiv2][body] POST https://upload-firebasehosting.googleapis.com/upload/sites/plant-ecomm/versions/793e0f06c9eb1e1e/files/21add36a293ce66e109e90cc55fbec3fe7b91ebdc337d6d7c92d447ada898601 [stream]
[debug] [2023-08-23T14:54:54.238Z] >>> [apiv2][query] POST https://upload-firebasehosting.googleapis.com/upload/sites/plant-ecomm/versions/793e0f06c9eb1e1e/files/fc025cec7c64400af8116c6f1e070f4378c1eff05c35bd5918e930235c0969cd [none]
[debug] [2023-08-23T14:54:54.238Z] >>> [apiv2][body] POST https://upload-firebasehosting.googleapis.com/upload/sites/plant-ecomm/versions/793e0f06c9eb1e1e/files/fc025cec7c64400af8116c6f1e070f4378c1eff05c35bd5918e930235c0969cd [stream]
[debug] [2023-08-23T14:54:54.240Z] >>> [apiv2][query] POST https://upload-firebasehosting.googleapis.com/upload/sites/plant-ecomm/versions/793e0f06c9eb1e1e/files/e89bc997fa907c4bba367a7c1a89514d595963c62fd5bc9fd6711537985976da [none]
[debug] [2023-08-23T14:54:54.240Z] >>> [apiv2][body] POST https://upload-firebasehosting.googleapis.com/upload/sites/plant-ecomm/versions/793e0f06c9eb1e1e/files/e89bc997fa907c4bba367a7c1a89514d595963c62fd5bc9fd6711537985976da [stream]
[debug] [2023-08-23T14:54:54.241Z] >>> [apiv2][query] POST https://upload-firebasehosting.googleapis.com/upload/sites/plant-ecomm/versions/793e0f06c9eb1e1e/files/f1b651238a58fe290baec6c5e32f3bdb1943dd2bd582f02569231f7a757c7837 [none]
[debug] [2023-08-23T14:54:54.241Z] >>> [apiv2][body] POST https://upload-firebasehosting.googleapis.com/upload/sites/plant-ecomm/versions/793e0f06c9eb1e1e/files/f1b651238a58fe290baec6c5e32f3bdb1943dd2bd582f02569231f7a757c7837 [stream]
[debug] [2023-08-23T14:54:54.243Z] >>> [apiv2][query] POST https://upload-firebasehosting.googleapis.com/upload/sites/plant-ecomm/versions/793e0f06c9eb1e1e/files/60765af16c10515aeb68e18694277f2a2613f76efcfb87335aaccbcd052312db [none]
[debug] [2023-08-23T14:54:54.243Z] >>> [apiv2][body] POST https://upload-firebasehosting.googleapis.com/upload/sites/plant-ecomm/versions/793e0f06c9eb1e1e/files/60765af16c10515aeb68e18694277f2a2613f76efcfb87335aaccbcd052312db [stream]
[debug] [2023-08-23T14:54:54.244Z] >>> [apiv2][query] POST https://upload-firebasehosting.googleapis.com/upload/sites/plant-ecomm/versions/793e0f06c9eb1e1e/files/ddd966b770bbc46e4e712d9c83fff35224655da2a78fbf0040e0c14dd2299a46 [none]
[debug] [2023-08-23T14:54:54.244Z] >>> [apiv2][body] POST https://upload-firebasehosting.googleapis.com/upload/sites/plant-ecomm/versions/793e0f06c9eb1e1e/files/ddd966b770bbc46e4e712d9c83fff35224655da2a78fbf0040e0c14dd2299a46 [stream]
[debug] [2023-08-23T14:54:54.246Z] >>> [apiv2][query] POST https://upload-firebasehosting.googleapis.com/upload/sites/plant-ecomm/versions/793e0f06c9eb1e1e/files/3481c1df3a4acacf0a5e00d53d18dd916a6257bf28e64dd32d1f9659b8508fd7 [none]
[debug] [2023-08-23T14:54:54.246Z] >>> [apiv2][body] POST https://upload-firebasehosting.googleapis.com/upload/sites/plant-ecomm/versions/793e0f06c9eb1e1e/files/3481c1df3a4acacf0a5e00d53d18dd916a6257bf28e64dd32d1f9659b8508fd7 [stream]
[debug] [2023-08-23T14:54:54.247Z] >>> [apiv2][query] POST https://upload-firebasehosting.googleapis.com/upload/sites/plant-ecomm/versions/793e0f06c9eb1e1e/files/a2aee5309d0b59b9b66384ccc3969a07fab1b320d0bf76f1b25047a051d7f774 [none]
[debug] [2023-08-23T14:54:54.247Z] >>> [apiv2][body] POST https://upload-firebasehosting.googleapis.com/upload/sites/plant-ecomm/versions/793e0f06c9eb1e1e/files/a2aee5309d0b59b9b66384ccc3969a07fab1b320d0bf76f1b25047a051d7f774 [stream]
[debug] [2023-08-23T14:54:54.248Z] >>> [apiv2][query] POST https://upload-firebasehosting.googleapis.com/upload/sites/plant-ecomm/versions/793e0f06c9eb1e1e/files/727b738f7f62b131693a64a22c86011121fb766f06c62695596afe5e789a0dfd [none]
[debug] [2023-08-23T14:54:54.248Z] >>> [apiv2][body] POST https://upload-firebasehosting.googleapis.com/upload/sites/plant-ecomm/versions/793e0f06c9eb1e1e/files/727b738f7f62b131693a64a22c86011121fb766f06c62695596afe5e789a0dfd [stream]
[debug] [2023-08-23T14:54:54.248Z] >>> [apiv2][query] POST https://upload-firebasehosting.googleapis.com/upload/sites/plant-ecomm/versions/793e0f06c9eb1e1e/files/76ef7ca4c04d391b5e2947f15fc47a8f104e6c3460a7a6b3e5b1ef84c0ccde62 [none]
[debug] [2023-08-23T14:54:54.248Z] >>> [apiv2][body] POST https://upload-firebasehosting.googleapis.com/upload/sites/plant-ecomm/versions/793e0f06c9eb1e1e/files/76ef7ca4c04d391b5e2947f15fc47a8f104e6c3460a7a6b3e5b1ef84c0ccde62 [stream]
[debug] [2023-08-23T14:54:54.249Z] >>> [apiv2][query] POST https://upload-firebasehosting.googleapis.com/upload/sites/plant-ecomm/versions/793e0f06c9eb1e1e/files/6e8780fc6729946f864645731505b174be565c6cfc9abe6c058dab9077447dfd [none]
[debug] [2023-08-23T14:54:54.249Z] >>> [apiv2][body] POST https://upload-firebasehosting.googleapis.com/upload/sites/plant-ecomm/versions/793e0f06c9eb1e1e/files/6e8780fc6729946f864645731505b174be565c6cfc9abe6c058dab9077447dfd [stream]
[debug] [2023-08-23T14:54:54.250Z] >>> [apiv2][query] POST https://upload-firebasehosting.googleapis.com/upload/sites/plant-ecomm/versions/793e0f06c9eb1e1e/files/4132e9d00e19e51d68c798a3043273bd2dc734aa028580a5ede1ccd15e8d963a [none]
[debug] [2023-08-23T14:54:54.250Z] >>> [apiv2][body] POST https://upload-firebasehosting.googleapis.com/upload/sites/plant-ecomm/versions/793e0f06c9eb1e1e/files/4132e9d00e19e51d68c798a3043273bd2dc734aa028580a5ede1ccd15e8d963a [stream]
[debug] [2023-08-23T14:54:54.251Z] >>> [apiv2][query] POST https://upload-firebasehosting.googleapis.com/upload/sites/plant-ecomm/versions/793e0f06c9eb1e1e/files/062fb6b0c4a355121d8a744a2a73d26984b9ee5685ac9539ba9a79f0c48fe487 [none]
[debug] [2023-08-23T14:54:54.251Z] >>> [apiv2][body] POST https://upload-firebasehosting.googleapis.com/upload/sites/plant-ecomm/versions/793e0f06c9eb1e1e/files/062fb6b0c4a355121d8a744a2a73d26984b9ee5685ac9539ba9a79f0c48fe487 [stream]
[debug] [2023-08-23T14:54:54.252Z] >>> [apiv2][query] POST https://upload-firebasehosting.googleapis.com/upload/sites/plant-ecomm/versions/793e0f06c9eb1e1e/files/3fce7e9a491bdd40033cda5af0f2acbb96cdb8603196b1773aec72c0a2f4878b [none]
[debug] [2023-08-23T14:54:54.252Z] >>> [apiv2][body] POST https://upload-firebasehosting.googleapis.com/upload/sites/plant-ecomm/versions/793e0f06c9eb1e1e/files/3fce7e9a491bdd40033cda5af0f2acbb96cdb8603196b1773aec72c0a2f4878b [stream]
[debug] [2023-08-23T14:54:54.253Z] >>> [apiv2][query] POST https://upload-firebasehosting.googleapis.com/upload/sites/plant-ecomm/versions/793e0f06c9eb1e1e/files/2cf1e858d7b5d48ea58d3ce9c5d492244d153a540bf3958bd238167c23c31bf0 [none]
[debug] [2023-08-23T14:54:54.253Z] >>> [apiv2][body] POST https://upload-firebasehosting.googleapis.com/upload/sites/plant-ecomm/versions/793e0f06c9eb1e1e/files/2cf1e858d7b5d48ea58d3ce9c5d492244d153a540bf3958bd238167c23c31bf0 [stream]
[debug] [2023-08-23T14:54:54.253Z] [hosting][populate queue][FINAL] {"max":1268,"min":1268,"avg":1268,"active":0,"complete":1,"success":1,"errored":0,"retried":0,"total":1,"elapsed":1287}
[debug] [2023-08-23T14:54:54.254Z] [hosting] uploads queued: 16
[debug] [2023-08-23T14:54:55.715Z] <<< [apiv2][status] POST https://upload-firebasehosting.googleapis.com/upload/sites/plant-ecomm/versions/793e0f06c9eb1e1e/files/60765af16c10515aeb68e18694277f2a2613f76efcfb87335aaccbcd052312db 200
[debug] [2023-08-23T14:54:55.715Z] <<< [apiv2][body] POST https://upload-firebasehosting.googleapis.com/upload/sites/plant-ecomm/versions/793e0f06c9eb1e1e/files/60765af16c10515aeb68e18694277f2a2613f76efcfb87335aaccbcd052312db [stream]
[debug] [2023-08-23T14:54:55.747Z] <<< [apiv2][status] POST https://upload-firebasehosting.googleapis.com/upload/sites/plant-ecomm/versions/793e0f06c9eb1e1e/files/a2aee5309d0b59b9b66384ccc3969a07fab1b320d0bf76f1b25047a051d7f774 200
[debug] [2023-08-23T14:54:55.747Z] <<< [apiv2][body] POST https://upload-firebasehosting.googleapis.com/upload/sites/plant-ecomm/versions/793e0f06c9eb1e1e/files/a2aee5309d0b59b9b66384ccc3969a07fab1b320d0bf76f1b25047a051d7f774 [stream]
[debug] [2023-08-23T14:54:55.782Z] <<< [apiv2][status] POST https://upload-firebasehosting.googleapis.com/upload/sites/plant-ecomm/versions/793e0f06c9eb1e1e/files/f1b651238a58fe290baec6c5e32f3bdb1943dd2bd582f02569231f7a757c7837 200
[debug] [2023-08-23T14:54:55.782Z] <<< [apiv2][body] POST https://upload-firebasehosting.googleapis.com/upload/sites/plant-ecomm/versions/793e0f06c9eb1e1e/files/f1b651238a58fe290baec6c5e32f3bdb1943dd2bd582f02569231f7a757c7837 [stream]
[debug] [2023-08-23T14:54:55.852Z] <<< [apiv2][status] POST https://upload-firebasehosting.googleapis.com/upload/sites/plant-ecomm/versions/793e0f06c9eb1e1e/files/fc025cec7c64400af8116c6f1e070f4378c1eff05c35bd5918e930235c0969cd 200
[debug] [2023-08-23T14:54:55.852Z] <<< [apiv2][body] POST https://upload-firebasehosting.googleapis.com/upload/sites/plant-ecomm/versions/793e0f06c9eb1e1e/files/fc025cec7c64400af8116c6f1e070f4378c1eff05c35bd5918e930235c0969cd [stream]
[debug] [2023-08-23T14:54:55.885Z] <<< [apiv2][status] POST https://upload-firebasehosting.googleapis.com/upload/sites/plant-ecomm/versions/793e0f06c9eb1e1e/files/3481c1df3a4acacf0a5e00d53d18dd916a6257bf28e64dd32d1f9659b8508fd7 200
[debug] [2023-08-23T14:54:55.886Z] <<< [apiv2][body] POST https://upload-firebasehosting.googleapis.com/upload/sites/plant-ecomm/versions/793e0f06c9eb1e1e/files/3481c1df3a4acacf0a5e00d53d18dd916a6257bf28e64dd32d1f9659b8508fd7 [stream]
[debug] [2023-08-23T14:54:55.898Z] <<< [apiv2][status] POST https://upload-firebasehosting.googleapis.com/upload/sites/plant-ecomm/versions/793e0f06c9eb1e1e/files/4132e9d00e19e51d68c798a3043273bd2dc734aa028580a5ede1ccd15e8d963a 200
[debug] [2023-08-23T14:54:55.899Z] <<< [apiv2][body] POST https://upload-firebasehosting.googleapis.com/upload/sites/plant-ecomm/versions/793e0f06c9eb1e1e/files/4132e9d00e19e51d68c798a3043273bd2dc734aa028580a5ede1ccd15e8d963a [stream]
[debug] [2023-08-23T14:54:56.662Z] <<< [apiv2][status] POST https://upload-firebasehosting.googleapis.com/upload/sites/plant-ecomm/versions/793e0f06c9eb1e1e/files/e89bc997fa907c4bba367a7c1a89514d595963c62fd5bc9fd6711537985976da 200
[debug] [2023-08-23T14:54:56.662Z] <<< [apiv2][body] POST https://upload-firebasehosting.googleapis.com/upload/sites/plant-ecomm/versions/793e0f06c9eb1e1e/files/e89bc997fa907c4bba367a7c1a89514d595963c62fd5bc9fd6711537985976da [stream]
[debug] [2023-08-23T14:54:58.576Z] <<< [apiv2][status] POST https://upload-firebasehosting.googleapis.com/upload/sites/plant-ecomm/versions/793e0f06c9eb1e1e/files/76ef7ca4c04d391b5e2947f15fc47a8f104e6c3460a7a6b3e5b1ef84c0ccde62 200
[debug] [2023-08-23T14:54:58.576Z] <<< [apiv2][body] POST https://upload-firebasehosting.googleapis.com/upload/sites/plant-ecomm/versions/793e0f06c9eb1e1e/files/76ef7ca4c04d391b5e2947f15fc47a8f104e6c3460a7a6b3e5b1ef84c0ccde62 [stream]
[debug] [2023-08-23T14:54:58.986Z] <<< [apiv2][status] POST https://upload-firebasehosting.googleapis.com/upload/sites/plant-ecomm/versions/793e0f06c9eb1e1e/files/ddd966b770bbc46e4e712d9c83fff35224655da2a78fbf0040e0c14dd2299a46 200
[debug] [2023-08-23T14:54:58.986Z] <<< [apiv2][body] POST https://upload-firebasehosting.googleapis.com/upload/sites/plant-ecomm/versions/793e0f06c9eb1e1e/files/ddd966b770bbc46e4e712d9c83fff35224655da2a78fbf0040e0c14dd2299a46 [stream]
[debug] [2023-08-23T14:54:59.283Z] <<< [apiv2][status] POST https://upload-firebasehosting.googleapis.com/upload/sites/plant-ecomm/versions/793e0f06c9eb1e1e/files/21add36a293ce66e109e90cc55fbec3fe7b91ebdc337d6d7c92d447ada898601 200
[debug] [2023-08-23T14:54:59.283Z] <<< [apiv2][body] POST https://upload-firebasehosting.googleapis.com/upload/sites/plant-ecomm/versions/793e0f06c9eb1e1e/files/21add36a293ce66e109e90cc55fbec3fe7b91ebdc337d6d7c92d447ada898601 [stream]
[debug] [2023-08-23T14:55:00.451Z] <<< [apiv2][status] POST https://upload-firebasehosting.googleapis.com/upload/sites/plant-ecomm/versions/793e0f06c9eb1e1e/files/6e8780fc6729946f864645731505b174be565c6cfc9abe6c058dab9077447dfd 200
[debug] [2023-08-23T14:55:00.452Z] <<< [apiv2][body] POST https://upload-firebasehosting.googleapis.com/upload/sites/plant-ecomm/versions/793e0f06c9eb1e1e/files/6e8780fc6729946f864645731505b174be565c6cfc9abe6c058dab9077447dfd [stream]
[debug] [2023-08-23T14:55:01.292Z] <<< [apiv2][status] POST https://upload-firebasehosting.googleapis.com/upload/sites/plant-ecomm/versions/793e0f06c9eb1e1e/files/2cf1e858d7b5d48ea58d3ce9c5d492244d153a540bf3958bd238167c23c31bf0 200
[debug] [2023-08-23T14:55:01.292Z] <<< [apiv2][body] POST https://upload-firebasehosting.googleapis.com/upload/sites/plant-ecomm/versions/793e0f06c9eb1e1e/files/2cf1e858d7b5d48ea58d3ce9c5d492244d153a540bf3958bd238167c23c31bf0 [stream]
[debug] [2023-08-23T14:55:02.150Z] <<< [apiv2][status] POST https://upload-firebasehosting.googleapis.com/upload/sites/plant-ecomm/versions/793e0f06c9eb1e1e/files/727b738f7f62b131693a64a22c86011121fb766f06c62695596afe5e789a0dfd 200
[debug] [2023-08-23T14:55:02.150Z] <<< [apiv2][body] POST https://upload-firebasehosting.googleapis.com/upload/sites/plant-ecomm/versions/793e0f06c9eb1e1e/files/727b738f7f62b131693a64a22c86011121fb766f06c62695596afe5e789a0dfd [stream]
[debug] [2023-08-23T14:55:06.162Z] <<< [apiv2][status] POST https://upload-firebasehosting.googleapis.com/upload/sites/plant-ecomm/versions/793e0f06c9eb1e1e/files/3fce7e9a491bdd40033cda5af0f2acbb96cdb8603196b1773aec72c0a2f4878b 200
[debug] [2023-08-23T14:55:06.163Z] <<< [apiv2][body] POST https://upload-firebasehosting.googleapis.com/upload/sites/plant-ecomm/versions/793e0f06c9eb1e1e/files/3fce7e9a491bdd40033cda5af0f2acbb96cdb8603196b1773aec72c0a2f4878b [stream]
[debug] [2023-08-23T14:55:06.261Z] <<< [apiv2][status] POST https://upload-firebasehosting.googleapis.com/upload/sites/plant-ecomm/versions/793e0f06c9eb1e1e/files/062fb6b0c4a355121d8a744a2a73d26984b9ee5685ac9539ba9a79f0c48fe487 200
[debug] [2023-08-23T14:55:06.261Z] <<< [apiv2][body] POST https://upload-firebasehosting.googleapis.com/upload/sites/plant-ecomm/versions/793e0f06c9eb1e1e/files/062fb6b0c4a355121d8a744a2a73d26984b9ee5685ac9539ba9a79f0c48fe487 [stream]
[debug] [2023-08-23T14:55:10.173Z] <<< [apiv2][status] POST https://upload-firebasehosting.googleapis.com/upload/sites/plant-ecomm/versions/793e0f06c9eb1e1e/files/913b43ad9d410f6d94fdd7bd3f478fa1fa552fdbc35250bac6cb9bbeff8aa392 200
[debug] [2023-08-23T14:55:10.174Z] <<< [apiv2][body] POST https://upload-firebasehosting.googleapis.com/upload/sites/plant-ecomm/versions/793e0f06c9eb1e1e/files/913b43ad9d410f6d94fdd7bd3f478fa1fa552fdbc35250bac6cb9bbeff8aa392 [stream]
[debug] [2023-08-23T14:55:10.174Z] [hosting][upload queue][FINAL] {"max":15944,"min":1483,"avg":5447.9375,"active":0,"complete":16,"success":16,"errored":0,"retried":0,"total":16,"elapsed":15944}
[info] ✔  hosting[plant-ecomm]: file upload complete 
[debug] [2023-08-23T14:55:10.176Z] [hosting] deploy completed after 17430ms
[debug] [2023-08-23T14:55:10.177Z] [
  {
    "config": {
      "public": "dist/e-comm",
      "ignore": [
        "firebase.json",
        "**/.*",
        "**/node_modules/**"
      ],
      "rewrites": [
        {
          "source": "**",
          "destination": "/index.html"
        }
      ],
      "site": "plant-ecomm"
    },
    "version": "projects/790180998575/sites/plant-ecomm/versions/793e0f06c9eb1e1e"
  }
]
[info] i  hosting[plant-ecomm]: finalizing version... 
[debug] [2023-08-23T14:55:10.180Z] >>> [apiv2][query] PATCH https://firebasehosting.googleapis.com/v1beta1/projects/-/sites/plant-ecomm/versions/793e0f06c9eb1e1e updateMask=status%2Cconfig
[debug] [2023-08-23T14:55:10.180Z] >>> [apiv2][body] PATCH https://firebasehosting.googleapis.com/v1beta1/projects/-/sites/plant-ecomm/versions/793e0f06c9eb1e1e {"status":"FINALIZED","config":{"rewrites":[{"glob":"**","path":"/index.html"}]}}
[debug] [2023-08-23T14:55:12.348Z] <<< [apiv2][status] PATCH https://firebasehosting.googleapis.com/v1beta1/projects/-/sites/plant-ecomm/versions/793e0f06c9eb1e1e 200
[debug] [2023-08-23T14:55:12.348Z] <<< [apiv2][body] PATCH https://firebasehosting.googleapis.com/v1beta1/projects/-/sites/plant-ecomm/versions/793e0f06c9eb1e1e {"name":"projects/790180998575/sites/plant-ecomm/versions/793e0f06c9eb1e1e","status":"FINALIZED","config":{"rewrites":[{"glob":"**","path":"/index.html"}]},"labels":{"deployment-tool":"cli-firebase"},"createTime":"2023-08-23T14:54:51.961898Z","createUser":{"email":"GaganGayari@gmail.com"},"finalizeTime":"2023-08-23T14:55:11.634222Z","finalizeUser":{"email":"GaganGayari@gmail.com"}}
[debug] [2023-08-23T14:55:12.348Z] [hosting] finalized version for plant-ecomm:[object Object]
[info] ✔  hosting[plant-ecomm]: version finalized 
[info] i  hosting[plant-ecomm]: releasing new version... 
[debug] [2023-08-23T14:55:12.349Z] >>> [apiv2][query] POST https://firebasehosting.googleapis.com/v1beta1/projects/-/sites/plant-ecomm/channels/live/releases versionName=projects%2F790180998575%2Fsites%2Fplant-ecomm%2Fversions%2F793e0f06c9eb1e1e
[debug] [2023-08-23T14:55:12.349Z] >>> [apiv2][body] POST https://firebasehosting.googleapis.com/v1beta1/projects/-/sites/plant-ecomm/channels/live/releases {}
[debug] [2023-08-23T14:55:15.079Z] <<< [apiv2][status] POST https://firebasehosting.googleapis.com/v1beta1/projects/-/sites/plant-ecomm/channels/live/releases 200
[debug] [2023-08-23T14:55:15.079Z] <<< [apiv2][body] POST https://firebasehosting.googleapis.com/v1beta1/projects/-/sites/plant-ecomm/channels/live/releases {"name":"projects/790180998575/sites/plant-ecomm/channels/live/releases/1692802513862000","version":{"name":"projects/790180998575/sites/plant-ecomm/versions/793e0f06c9eb1e1e","status":"FINALIZED","config":{"rewrites":[{"glob":"**","path":"/index.html"}]},"labels":{"deployment-tool":"cli-firebase"},"createTime":"2023-08-23T14:54:51.961898Z","createUser":{"email":"GaganGayari@gmail.com","imageUrl":"https://lh3.googleusercontent.com/a/AAcHTtddHlTQueSkFxhKB3TcNSuD2JOeOzG5ZogSK7W0YcukBvg"},"finalizeTime":"2023-08-23T14:55:11.634222Z","finalizeUser":{"email":"GaganGayari@gmail.com","imageUrl":"https://lh3.googleusercontent.com/a/AAcHTtddHlTQueSkFxhKB3TcNSuD2JOeOzG5ZogSK7W0YcukBvg"}},"type":"DEPLOY","releaseTime":"2023-08-23T14:55:13.862Z","releaseUser":{"email":"GaganGayari@gmail.com","imageUrl":"https://lh3.googleusercontent.com/a/AAcHTtddHlTQueSkFxhKB3TcNSuD2JOeOzG5ZogSK7W0YcukBvg"}}
[debug] [2023-08-23T14:55:15.079Z] [hosting] release: {"name":"projects/790180998575/sites/plant-ecomm/channels/live/releases/1692802513862000","version":{"name":"projects/790180998575/sites/plant-ecomm/versions/793e0f06c9eb1e1e","status":"FINALIZED","config":{"rewrites":[{"glob":"**","path":"/index.html"}]},"labels":{"deployment-tool":"cli-firebase"},"createTime":"2023-08-23T14:54:51.961898Z","createUser":{"email":"GaganGayari@gmail.com","imageUrl":"https://lh3.googleusercontent.com/a/AAcHTtddHlTQueSkFxhKB3TcNSuD2JOeOzG5ZogSK7W0YcukBvg"},"finalizeTime":"2023-08-23T14:55:11.634222Z","finalizeUser":{"email":"GaganGayari@gmail.com","imageUrl":"https://lh3.googleusercontent.com/a/AAcHTtddHlTQueSkFxhKB3TcNSuD2JOeOzG5ZogSK7W0YcukBvg"}},"type":"DEPLOY","releaseTime":"2023-08-23T14:55:13.862Z","releaseUser":{"email":"GaganGayari@gmail.com","imageUrl":"https://lh3.googleusercontent.com/a/AAcHTtddHlTQueSkFxhKB3TcNSuD2JOeOzG5ZogSK7W0YcukBvg"}}
[info] ✔  hosting[plant-ecomm]: release complete 
[info] 
[info] ✔  Deploy complete! 
[info] 
[info] Project Console: https://console.firebase.google.com/project/plant-ecomm/overview
[info] Hosting URL: https://plant-ecomm.web.app
[debug] [2023-08-23T14:55:25.610Z] Error: Timed out.
    at Timeout._onTimeout (/Users/gagan_gayari/.nvm/versions/node/v18.16.0/lib/node_modules/firebase-tools/lib/utils.js:254:49)
    at listOnTimeout (node:internal/timers:569:17)
    at process.processTimers (node:internal/timers:512:7)
[error] 
[error] Error: An unexpected error has occurred.
